<?xml version="1.0" encoding="UTF-8"?>
<!-- Generated by org.testng.reporters.JUnitXMLReporter -->
<testsuite ignored="0" hostname="SF-LAP-1082" failures="1" tests="1" name="MyTest" time="14.347" errors="0" timestamp="2025-09-12T21:01:20 IST">
  <testcase classname="TestCases.LoginTests" name="testValid_login" time="5.32">
    <failure type="java.lang.AssertionError" message="expected [false] but found [true]">
      <![CDATA[java.lang.AssertionError: expected [false] but found [true]
at TestCases.LoginTests.testValid_login(LoginTests.java:32)
at java.base/java.util.ArrayList.forEach(ArrayList.java:1604)
... Removed 32 stack frames]]>
    </failure>
  </testcase> <!-- testValid_login -->
</testsuite> <!-- MyTest -->
