<?xml version="1.0" encoding="UTF-8"?>
<!-- Generated by org.testng.reporters.JUnitXMLReporter -->
<testsuite ignored="0" hostname="SF-LAP-1082" failures="0" tests="1" name="Test" time="1.351" errors="0" timestamp="2025-09-18T15:47:52 IST">
  <testcase classname="TestCases.LoginTests" name="@BeforeTest StartAndroid_Session" time="1.274">
    <failure type="org.openqa.selenium.SessionNotCreatedException" message="Could not start a new session. Response code 500. Message: The application at &amp;apos;\AndroidBuilds\Android.SauceLabs.Mobile.Sample.app.2.7.1.apk&amp;apos; does not exist or is not accessible 
Host info: host: &amp;apos;SF-LAP-1082&amp;apos;, ip: &amp;apos;192.168.1.2&amp;apos;
Build info: version: &amp;apos;4.25.0&amp;apos;, revision: &amp;apos;8a8aea2337&amp;apos;
System info: os.name: &amp;apos;Windows 10&amp;apos;, os.arch: &amp;apos;amd64&amp;apos;, os.version: &amp;apos;10.0&amp;apos;, java.version: &amp;apos;24.0.2&amp;apos;
Driver info: io.appium.java_client.android.AndroidDriver
Command: [null, newSession {capabilities=[Capabilities {appium:app: \AndroidBuilds\Android.Sauc..., appium:automationName: UiAutomator2, appium:deviceName: Medium Phone API 36.0, platformName: ANDROID}]}]
Capabilities {appium:app: \AndroidBuilds\Android.Sauc..., appium:automationName: UiAutomator2, appium:deviceName: Medium Phone API 36.0, platformName: ANDROID}">
      <![CDATA[org.openqa.selenium.SessionNotCreatedException: Could not start a new session. Response code 500. Message: The application at '\AndroidBuilds\Android.SauceLabs.Mobile.Sample.app.2.7.1.apk' does not exist or is not accessible 
Host info: host: 'SF-LAP-1082', ip: '192.168.1.2'
Build info: version: '4.25.0', revision: '8a8aea2337'
System info: os.name: 'Windows 10', os.arch: 'amd64', os.version: '10.0', java.version: '24.0.2'
Driver info: io.appium.java_client.android.AndroidDriver
Command: [null, newSession {capabilities=[Capabilities {appium:app: \AndroidBuilds\Android.Sauc..., appium:automationName: UiAutomator2, appium:deviceName: Medium Phone API 36.0, platformName: ANDROID}]}]
Capabilities {appium:app: \AndroidBuilds\Android.Sauc..., appium:automationName: UiAutomator2, appium:deviceName: Medium Phone API 36.0, platformName: ANDROID}
at org.openqa.selenium.remote.ProtocolHandshake.createSession(ProtocolHandshake.java:114)
at org.openqa.selenium.remote.ProtocolHandshake.createSession(ProtocolHandshake.java:75)
at org.openqa.selenium.remote.ProtocolHandshake.createSession(ProtocolHandshake.java:61)
at io.appium.java_client.remote.AppiumCommandExecutor.createSession(AppiumCommandExecutor.java:176)
at io.appium.java_client.remote.AppiumCommandExecutor.execute(AppiumCommandExecutor.java:237)
at org.openqa.selenium.remote.RemoteWebDriver.execute(RemoteWebDriver.java:545)
at io.appium.java_client.AppiumDriver.startSession(AppiumDriver.java:270)
at org.openqa.selenium.remote.RemoteWebDriver.<init>(RemoteWebDriver.java:174)
at io.appium.java_client.AppiumDriver.<init>(AppiumDriver.java:91)
at io.appium.java_client.AppiumDriver.<init>(AppiumDriver.java:103)
at io.appium.java_client.android.AndroidDriver.<init>(AndroidDriver.java:109)
at Android_config.AppiumSessionManager.startAndroidSession(AppiumSessionManager.java:113)
at TestCases.LoginTests.StartAndroid_Session(LoginTests.java:35)
... Removed 26 stack frames]]>
    </failure>
  </testcase> <!-- @BeforeTest StartAndroid_Session -->
  <testcase classname="Android_config.AppiumSessionManager" name="@AfterTest stopAndroidSession" time="0.0">
    <skipped/>
  </testcase> <!-- @AfterTest stopAndroidSession -->
  <testcase classname="TestCases.LoginTests" name="Add_productToCart" time="0.0">
    <skipped/>
  </testcase> <!-- Add_productToCart -->
</testsuite> <!-- Test -->
