<?xml version="1.0" encoding="UTF-8"?>
<testng-results ignored="0" total="1" passed="1" failed="0" skipped="0">
  <reporter-output>
  </reporter-output>
  <suite started-at="2025-09-18T16:04:07 IST" name="Suite" finished-at="2025-09-18T16:05:06 IST" duration-ms="59102">
    <groups>
    </groups>
    <test started-at="2025-09-18T16:04:07 IST" name="Test" finished-at="2025-09-18T16:05:06 IST" duration-ms="59102">
      <class name="Android_Automation.TestCases.LoginTests">
        <test-method is-config="true" signature="StartAndroid_Session()[pri:0, instance:Android_Automation.TestCases.LoginTests@3835c46]" started-at="2025-09-18T16:04:07 IST" name="StartAndroid_Session" finished-at="2025-09-18T16:04:11 IST" duration-ms="4327" status="PASS">
          <reporter-output>
          </reporter-output>
        </test-method> <!-- StartAndroid_Session -->
        <test-method signature="Add_productToCart()[pri:0, instance:Android_Automation.TestCases.LoginTests@3835c46]" started-at="2025-09-18T16:04:11 IST" name="Add_productToCart" finished-at="2025-09-18T16:05:05 IST" duration-ms="54374" status="PASS">
          <reporter-output>
          </reporter-output>
        </test-method> <!-- Add_productToCart -->
        <test-method is-config="true" signature="stopAndroidSession()[pri:0, instance:Android_Automation.TestCases.LoginTests@3835c46]" started-at="2025-09-18T16:05:05 IST" name="stopAndroidSession" finished-at="2025-09-18T16:05:06 IST" duration-ms="363" status="PASS">
          <reporter-output>
          </reporter-output>
        </test-method> <!-- stopAndroidSession -->
      </class> <!-- Android_Automation.TestCases.LoginTests -->
    </test> <!-- Test -->
  </suite> <!-- Suite -->
</testng-results>
