<?xml version="1.0" encoding="UTF-8"?>
<testsuite xmlns:xsi="http://www.w3.org/2001/XMLSchema-instance" xsi:noNamespaceSchemaLocation="https://maven.apache.org/surefire/maven-surefire-plugin/xsd/surefire-test-report-3.0.xsd" version="3.0" name="TestSuite" time="61.096" tests="1" errors="0" skipped="0" failures="0">
  <properties>
[...]
</properties>
  <testcase name="Add_productToCart" classname="Android_Automation.TestCases.LoginTests" time="55.978">
    <system-out><![CDATA[📦 Taking app from path: C:\Users\dinesh\Desktop\Appium_Workspace\Appium_Framework\AndroidBuilds\Android.SauceLabs.Mobile.Sample.app.2.7.1.apk
✅ Android session started locally on device: Medium Phone API 36.0
✅ Tapped element successfully
✅ Tapped element successfully
✅ Tapped element successfully
✅ Tapped element successfully
✅ Scrolled to text: Sauce Labs Backpack
✅ Tapped element successfully
price on product page$29.99
✅ Tapped element successfully
✅ Tapped element successfully
Text price$29.99
✅ Tapped element successfully
true
✅ Tapped element successfully
✅ Scrolled to text: FINISH
✅ Tapped element successfully
CHECKOUT: COMPLETE!
Your order has been dispatched, and will arrive just as fast as the pony can get there!
✅ Tapped element successfully
✅ Tapped element successfully
✅ Tapped element successfully
]]></system-out>
    <system-err><![CDATA[SLF4J(W): No SLF4J providers were found.
SLF4J(W): Defaulting to no-operation (NOP) logger implementation
SLF4J(W): See https://www.slf4j.org/codes.html#noProviders for further details.
]]></system-err>
  </testcase>
</testsuite>