<?xml version="1.0" encoding="UTF-8"?>
<testng-results ignored="0" total="1" passed="1" failed="0" skipped="0">
  <reporter-output>
  </reporter-output>
  <suite started-at="2025-09-18T12:29:24 IST" name="Default suite" finished-at="2025-09-18T12:30:29 IST" duration-ms="64581">
    <groups>
    </groups>
    <test started-at="2025-09-18T12:29:24 IST" name="Default test" finished-at="2025-09-18T12:30:29 IST" duration-ms="64581">
      <class name="TestCases.LoginTests">
        <test-method is-config="true" signature="StartAndroid_Session()[pri:0, instance:TestCases.LoginTests@1573f9fc]" started-at="2025-09-18T12:29:24 IST" name="StartAndroid_Session" finished-at="2025-09-18T12:29:30 IST" duration-ms="5726" status="PASS">
          <reporter-output>
          </reporter-output>
        </test-method> <!-- StartAndroid_Session -->
        <test-method signature="Add_productToCart()[pri:0, instance:TestCases.LoginTests@1573f9fc]" started-at="2025-09-18T12:29:30 IST" name="Add_productToCart" finished-at="2025-09-18T12:30:28 IST" duration-ms="58257" status="PASS">
          <reporter-output>
          </reporter-output>
        </test-method> <!-- Add_productToCart -->
        <test-method is-config="true" signature="stopAndroidSession()[pri:0, instance:TestCases.LoginTests@1573f9fc]" started-at="2025-09-18T12:30:28 IST" name="stopAndroidSession" finished-at="2025-09-18T12:30:29 IST" duration-ms="556" status="PASS">
          <reporter-output>
          </reporter-output>
        </test-method> <!-- stopAndroidSession -->
      </class> <!-- TestCases.LoginTests -->
    </test> <!-- Default test -->
  </suite> <!-- Default suite -->
</testng-results>
